
Welcome to Gradle 9.4.1!

Here are the highlights of this release:
 - Java 26 support
 - Non-class-based JVM tests
 - Enhanced console progress bar

For more details see https://docs.gradle.org/9.4.1/release-notes.html

To honour the JVM settings for this build a single-use Daemon process will be forked. For more on this, please refer to https://docs.gradle.org/9.4.1/userguide/gradle_daemon.html#sec:disabling_the_daemon in the Gradle documentation.
Daemon will be stopped at the end of the build 

> Configure project :
WARNING: The option setting 'android.nonFinalResIds=false' is deprecated.
The current default is 'true'.
It will be removed in version 10.0 of the Android Gradle plugin.
WARNING: The option 'android.defaults.buildfeatures.buildconfig' is deprecated.
The current default is 'false'.
It was removed in version 9.0 of the Android Gradle plugin.

> Task :CNCVerse:preBuild UP-TO-DATE
> Task :CNCVerse:preDebugBuild UP-TO-DATE
> Task :CNCVerse:generateDebugBuildConfig
> Task :CNCVerse:generateDebugResources
> Task :CNCVerse:packageDebugResources
> Task :CNCVerse:processDebugNavigationResources
> Task :KatMovieHD:preBuild UP-TO-DATE
> Task :KatMovieHD:preDebugBuild UP-TO-DATE
> Task :KatMovieHD:generateDebugResources
> Task :KatMovieHD:packageDebugResources
> Task :KatMovieHD:processDebugNavigationResources
> Task :PagalMovies:preBuild UP-TO-DATE
> Task :PagalMovies:preDebugBuild UP-TO-DATE
> Task :PagalMovies:generateDebugResources
> Task :PagalMovies:packageDebugResources
> Task :KatMovieHD:parseDebugLocalResources
> Task :CNCVerse:parseDebugLocalResources
> Task :CNCVerse:processDebugManifest
> Task :PagalMovies:processDebugNavigationResources
> Task :CNCVerse:generateDebugRFile

> Task :CNCVerse:compileResources
/home/runner/work/KatMovieHD-CS/KatMovieHD-CS/src/CNCVerse/src/main/res/drawable/outline.xml: note: compiling XML.
/home/runner/work/KatMovieHD-CS/KatMovieHD-CS/src/CNCVerse/src/main/res/drawable/save_icon.xml: note: compiling XML.
/home/runner/work/KatMovieHD-CS/KatMovieHD-CS/src/CNCVerse/src/main/res/layout/settings.xml: note: compiling XML.
note: including /usr/local/lib/android/sdk/platforms/android-36/android.jar.
note: linking package 'com.arena' using package ID 7f.
note: merging archive /tmp/res335823231123739645.zip.
note: merging 'drawable/outline' from compiled file /home/runner/work/KatMovieHD-CS/KatMovieHD-CS/src/CNCVerse/src/main/res/drawable/outline.xml.
note: merging 'drawable/save_icon' from compiled file /home/runner/work/KatMovieHD-CS/KatMovieHD-CS/src/CNCVerse/src/main/res/drawable/save_icon.xml.
note: merging 'layout/settings' from compiled file /home/runner/work/KatMovieHD-CS/KatMovieHD-CS/src/CNCVerse/src/main/res/layout/settings.xml.
note: enabling pre-O feature split ID rewriting.
note: collapsing resource versions for minimum SDK 21.
note: Running VersionCollapser with minSdk = 21.
AndroidManifest.xml: note: writing to archive (keep_raw_values=false).
note: writing AndroidManifest.xml to archive.
note: linking /home/runner/work/KatMovieHD-CS/KatMovieHD-CS/src/CNCVerse/src/main/res/drawable/outline.xml (com.arena:drawable/outline).
res/drawable/outline.xml: note: writing to archive (keep_raw_values=false).
note: writing res/drawable/outline.xml to archive.
note: linking /home/runner/work/KatMovieHD-CS/KatMovieHD-CS/src/CNCVerse/src/main/res/drawable/save_icon.xml (com.arena:drawable/save_icon).
res/drawable/save_icon.xml: note: writing to archive (keep_raw_values=false).
note: writing res/drawable/save_icon.xml to archive.
note: linking /home/runner/work/KatMovieHD-CS/KatMovieHD-CS/src/CNCVerse/src/main/res/layout/settings.xml (com.arena:layout/settings).
res/layout/settings.xml: note: writing to archive (keep_raw_values=false).
note: writing res/layout/settings.xml to archive.
note: writing resources.arsc to archive.

> Task :KatMovieHD:generateDebugRFile
> Task :PagalMovies:parseDebugLocalResources
> Task :PagalMovies:generateDebugRFile
> Task :PagalMovies:compileDebugKotlin

> Task :KatMovieHD:compileDebugKotlin
w: file:///home/runner/work/KatMovieHD-CS/KatMovieHD-CS/src/KatMovieHD/src/main/kotlin/com/arena/KatMovieHDProvider.kt:578:67 Type annotation class 'org.jspecify.annotations.Nullable' of the inferred type is inaccessible. Check the module classpath for missing or conflicting dependencies. This will become an error in language version 2.4. See https://youtrack.jetbrains.com/issue/KT-80247.

> Task :CNCVerse:compileDebugKotlin

> Task :PagalMovies:compileDex
Compiled dex to /home/runner/work/KatMovieHD-CS/KatMovieHD-CS/src/PagalMovies/build/intermediates/classes.dex

> Task :CNCVerse:compileDex
Compiled dex to /home/runner/work/KatMovieHD-CS/KatMovieHD-CS/src/CNCVerse/build/intermediates/classes.dex

> Task :CNCVerse:generateManifest

> Task :CNCVerse:make
Made CloudStream package at /home/runner/work/KatMovieHD-CS/KatMovieHD-CS/src/CNCVerse/build/CNCVerse.cs3

> Task :CNCVerse:writeCacheEntry

> Task :KatMovieHD:compileDex
Compiled dex to /home/runner/work/KatMovieHD-CS/KatMovieHD-CS/src/KatMovieHD/build/intermediates/classes.dex

> Task :KatMovieHD:generateManifest

> Task :KatMovieHD:make
Made CloudStream package at /home/runner/work/KatMovieHD-CS/KatMovieHD-CS/src/KatMovieHD/build/KatMovieHD.cs3

> Task :KatMovieHD:writeCacheEntry
> Task :PagalMovies:generateManifest

> Task :PagalMovies:make
Made CloudStream package at /home/runner/work/KatMovieHD-CS/KatMovieHD-CS/src/PagalMovies/build/PagalMovies.cs3

> Task :PagalMovies:writeCacheEntry

> Task :makePluginsJson
Created /home/runner/work/KatMovieHD-CS/KatMovieHD-CS/src/build/plugins.json

BUILD SUCCESSFUL in 55s
34 actionable tasks: 34 executed
Consider enabling configuration cache to speed up this build: https://docs.gradle.org/9.4.1/userguide/configuration_cache_enabling.html
